<?xml version="1.0" encoding="utf-8"?><testsuites name="pytest tests"><testsuite name="pytest" errors="0" failures="0" skipped="0" tests="10" time="3.350" timestamp="2026-09-10T14:39:22.612351+00:00" hostname="agent-env-3d39a8cb-aacd-4fe6-ae44-a98bce7f0f76"><testcase classname="tests.backend_test.TestCompany" name="test_get_and_update_company" time="1.012" /><testcase classname="tests.backend_test.TestAuth" name="test_register_seeds_demo_data" time="1.481" /><testcase classname="tests.backend_test.TestCompetitors" name="test_create_and_delete_competitor" time="0.696" /><testcase classname="tests.backend_test.TestAuth" name="test_duplicate_register_fails" time="0.152" /><testcase classname="tests.backend_test.TestActions" name="test_update_action_status" time="0.832" /><testcase classname="tests.backend_test.TestAuth" name="test_login_demo" time="0.414" /><testcase classname="tests.backend_test.TestAuth" name="test_login_bad_password" time="0.492" /><testcase classname="tests.backend_test.TestAuth" name="test_protected_no_token" time="0.128" /><testcase classname="tests.backend_test.TestResetDemo" name="test_reset_demo" time="0.271" /><testcase classname="tests.backend_test.TestAuth" name="test_forgot_password" time="0.145" /></testsuite></testsuites>